<?xml version="1.0" encoding="UTF-8"?>
<!-- Generated by org.testng.reporters.JUnitXMLReporter -->
<testsuite hostname="BASILs-MacBook-Pro.local" ignored="0" name="Add Customer Test" tests="4" failures="0" timestamp="03 Dec 2017 12:13:23 GMT" time="2.121" errors="0">
  <testcase name="addCustomerTest" time="0.984" classname="com.ebafni.testcases.AddCustomerTest"/>
  <testcase name="addCustomerTest" time="0.001" classname="com.ebafni.testcases.AddCustomerTest">
    <skipped/>
  </testcase> <!-- addCustomerTest -->
  <testcase name="addCustomerTest" time="0.521" classname="com.ebafni.testcases.AddCustomerTest"/>
  <testcase name="addCustomerTest" time="0.515" classname="com.ebafni.testcases.AddCustomerTest"/>
</testsuite> <!-- Add Customer Test -->
