<?xml version="1.0" encoding="UTF-8"?>
<!-- Generated by org.testng.reporters.JUnitXMLReporter -->
<testsuite hostname="BASILs-MacBook-Pro.local" name="LoginTest" tests="1" failures="1" timestamp="29 Nov 2017 15:16:50 GMT" time="10.578" errors="0">
  <testcase name="loginAsBankManager" time="10.571" classname="com.ebafni.testcases.LoginTest">
    <failure type="java.lang.AssertionError" message="Login not successful expected [true] but found [false]">
      <![CDATA[java.lang.AssertionError: Login not successful expected [true] but found [false]
	at com.ebafni.testcases.LoginTest.loginAsBankManager(LoginTest.java:20)
... Removed 27 stack frames]]>
    </failure>
  </testcase> <!-- loginAsBankManager -->
</testsuite> <!-- LoginTest -->
