<?xml version="1.0" encoding="UTF-8"?>
<testng-results skipped="0" failed="1" total="2" passed="1">
  <reporter-output>
    <line>
      <![CDATA[Login successfully executed !!]]>
    </line>
  </reporter-output>
  <suite name="Data Driven Test" duration-ms="6124" started-at="2017-12-02T22:00:17Z" finished-at="2017-12-02T22:00:23Z">
    <groups>
    </groups>
    <test name="Bank Manager Login Test" duration-ms="1106" started-at="2017-12-02T22:00:17Z" finished-at="2017-12-02T22:00:18Z">
      <class name="com.ebafni.testcases.BankManagerLoginTest">
        <test-method status="PASS" signature="loginAsBankManager()[pri:0, instance:com.ebafni.testcases.BankManagerLoginTest@1ed6388a]" name="loginAsBankManager" duration-ms="955" started-at="2017-12-02T14:00:17Z" finished-at="2017-12-02T14:00:17Z">
          <reporter-output>
            <line>
              <![CDATA[Login successfully executed !!]]>
            </line>
          </reporter-output>
        </test-method> <!-- loginAsBankManager -->
      </class> <!-- com.ebafni.testcases.BankManagerLoginTest -->
    </test> <!-- Bank Manager Login Test -->
    <test name="Add Customer Test" duration-ms="5" started-at="2017-12-02T22:00:23Z" finished-at="2017-12-02T22:00:23Z">
      <class name="com.ebafni.testcases.AddCustomerTest">
        <test-method status="PASS" signature="setUp()[pri:0, instance:com.ebafni.testcases.AddCustomerTest@5ab956d7]" name="setUp" is-config="true" duration-ms="4214" started-at="2017-12-02T14:00:12Z" finished-at="2017-12-02T14:00:17Z">
          <reporter-output>
          </reporter-output>
        </test-method> <!-- setUp -->
        <test-method status="FAIL" signature="addCustomerTest(java.lang.String, java.lang.String, java.lang.String, java.lang.String)[pri:0, instance:com.ebafni.testcases.AddCustomerTest@5ab956d7]" name="addCustomerTest" duration-ms="0" started-at="2017-12-02T14:00:23Z" data-provider="dp" finished-at="2017-12-02T14:00:23Z">
          <exception class="org.testng.TestNGException">
            <message>
              <![CDATA[
DataProvider should be static: public java.lang.Object[][] com.ebafni.utilities.TestUtil.getData(java.lang.reflect.Method)]]>
            </message>
            <full-stacktrace>
              <![CDATA[org.testng.TestNGException: 
DataProvider should be static: public java.lang.Object[][] com.ebafni.utilities.TestUtil.getData(java.lang.reflect.Method)
	at org.testng.internal.Parameters.findDataProvider(Parameters.java:331)
	at org.testng.internal.Parameters.findDataProvider(Parameters.java:265)
	at org.testng.internal.Parameters.handleParameters(Parameters.java:417)
	at org.testng.internal.Invoker.handleParameters(Invoker.java:1383)
	at org.testng.internal.Invoker.createParameters(Invoker.java:1075)
	at org.testng.internal.Invoker.invokeTestMethods(Invoker.java:1180)
	at org.testng.internal.TestMethodWorker.invokeTestMethods(TestMethodWorker.java:127)
	at org.testng.internal.TestMethodWorker.run(TestMethodWorker.java:111)
	at org.testng.TestRunner.privateRun(TestRunner.java:767)
	at org.testng.TestRunner.run(TestRunner.java:617)
	at org.testng.SuiteRunner.runTest(SuiteRunner.java:334)
	at org.testng.SuiteRunner.runSequentially(SuiteRunner.java:329)
	at org.testng.SuiteRunner.privateRun(SuiteRunner.java:291)
	at org.testng.SuiteRunner.run(SuiteRunner.java:240)
	at org.testng.SuiteRunnerWorker.runSuite(SuiteRunnerWorker.java:52)
	at org.testng.SuiteRunnerWorker.run(SuiteRunnerWorker.java:86)
	at org.testng.TestNG.runSuitesSequentially(TestNG.java:1224)
	at org.testng.TestNG.runSuitesLocally(TestNG.java:1149)
	at org.testng.TestNG.run(TestNG.java:1057)
	at org.testng.remote.AbstractRemoteTestNG.run(AbstractRemoteTestNG.java:114)
	at org.testng.remote.RemoteTestNG.initAndRun(RemoteTestNG.java:251)
	at org.testng.remote.RemoteTestNG.main(RemoteTestNG.java:77)
]]>
            </full-stacktrace>
          </exception> <!-- org.testng.TestNGException -->
          <reporter-output>
          </reporter-output>
        </test-method> <!-- addCustomerTest -->
        <test-method status="PASS" signature="tearDown()[pri:0, instance:com.ebafni.testcases.AddCustomerTest@5ab956d7]" name="tearDown" is-config="true" duration-ms="186" started-at="2017-12-02T14:00:28Z" finished-at="2017-12-02T14:00:28Z">
          <reporter-output>
          </reporter-output>
        </test-method> <!-- tearDown -->
      </class> <!-- com.ebafni.testcases.AddCustomerTest -->
    </test> <!-- Add Customer Test -->
  </suite> <!-- Data Driven Test -->
</testng-results>
